[2018-07-06 10:32:33,232] multiqc                                            [DEBUG  ]  No MultiQC config found: /home/carlos/miniconda3/envs/poreTally/lib/python3.5/site-packages/multiqc_config.yaml
[2018-07-06 10:32:33,232] multiqc                                            [DEBUG  ]  No MultiQC config found: /home/carlos/.multiqc_config.yaml
[2018-07-06 10:32:33,232] multiqc                                            [DEBUG  ]  No MultiQC config found: multiqc_config.yaml
[2018-07-06 10:32:33,232] multiqc                                            [DEBUG  ]  Command used: /home/carlos/miniconda3/envs/poreTally/bin/multiqc -i Assembler Benchmark report --filename REPORT -o . -f -p --tag assembler_benchmark --template assembler_benchmark /home/carlos/local_data/poreTally_pytest/analysis/summary/ --data-format yaml
[2018-07-06 10:32:33,306] multiqc                                            [DEBUG  ]  Latest MultiQC version is v1.5
[2018-07-06 10:32:33,306] multiqc                                            [INFO   ]  This is MultiQC v1.5.dev0
[2018-07-06 10:32:33,306] multiqc                                            [DEBUG  ]  Command     : /home/carlos/miniconda3/envs/poreTally/bin/multiqc -i Assembler Benchmark report --filename REPORT -o . -f -p --tag assembler_benchmark --template assembler_benchmark /home/carlos/local_data/poreTally_pytest/analysis/summary/ --data-format yaml
[2018-07-06 10:32:33,307] multiqc                                            [DEBUG  ]  Working dir : /home/carlos/local_data/poreTally_pytest/analysis/summary
[2018-07-06 10:32:33,307] multiqc                                            [INFO   ]  Template    : assembler_benchmark
[2018-07-06 10:32:33,307] multiqc                                            [INFO   ]  Report title: Assembler Benchmark report
[2018-07-06 10:32:33,307] multiqc                                            [INFO   ]  Searching '/home/carlos/local_data/poreTally_pytest/analysis/summary/'
[2018-07-06 10:32:33,308] multiqc                                            [INFO   ]  Only using modules with 'assembler_benchmark' tag
[2018-07-06 10:32:33,308] multiqc                                            [DEBUG  ]  Analysing modules: ab_methods_section, ab_read_quality, quast, jellyfish, mummerplot, ab_cpu_times
[2018-07-06 10:32:33,308] multiqc                                            [DEBUG  ]  Using temporary directory for creating report: /tmp/tmpt3zzk1k8
[2018-07-06 10:32:33,363] multiqc                                            [DEBUG  ]  Ignored search patterns as didn't match running modules: clusterflow/logs, salmon/fld, rseqc/read_distribution, bbmap/indelhist, custom_content, goleft_indexcov/ped, peddy/ped_check, bismark/bam2nuc, afterqc, bbmap/ehist, bbmap/statsfile, bamtools/stats, rseqc/bam_stat, adapterRemoval, prokka, qualimap/bamqc/insert_size, goleft_indexcov/roc, bbmap/bqhist, deeptools/plotCoverageOutRawCounts, bismark/align, disambiguate, rseqc/inner_distance, gatk/base_recalibrator, slamdunk/PCA, snpeff, bbmap/bhist, hicexplorer, bbmap/covhist, supernova/molecules, bismark/dedup, qualimap/bamqc/gc_dist, slamdunk/rates, bbmap/qahist, picard/hsmetrics, rseqc/gene_body_coverage, interop/index-summary, vcftools/relatedness2, bbmap/statsfile_machine, rseqc/junction_annotation, conpair/concordance, leehom, bbmap/ihist, qualimap/bamqc/genome_fraction, fastqc/zip, bbmap/lhist, deeptools/plotFingerprintOutRawCounts, featurecounts, picard/rnaseqmetrics, bbmap/rpkm, supernova/summary, vcftools/tstv_by_qual, macs2, rseqc/read_duplication_pos, rna_seqc/metrics, deeptools/plotFingerprintOutQualityMetrics, bbmap/qhist, htseq, deeptools/estimateReadFiltering, bbmap/aqhist, homer/RestrictionDistribution, homer/FreqDistribution, kallisto, qualimap/bamqc/genome_results, samtools/flagstat, homer/genomeGCcontent, homer/GCcontent, picard/basedistributionbycycle, quast_synteny, bcl2fastq, clusterflow/runfiles, deeptools/plotCoverageStdout, homer/findpeaks, fastqc/data, vcftools/tstv_summary, picard/gcbias, picard/wgs_metrics, rseqc/junction_saturation, hisat2, tophat, slamdunk/utrrates, rna_seqc/correlation, qualimap/rnaseq/rnaseq_results, supernova/report, trimmomatic, salmon/meta, gatk/varianteval, bbmap/mhist, peddy/summary_table, picard/rrbs_metrics, picard/pcr_metrics, bowtie2, homer/tagInfo, samblaster, rseqc/infer_experiment, busco, bowtie1, biobloomtools, hicup, preseq/real_counts, interop/summary, star/genecounts, qualimap/bamqc/coverage, sortmerna, slamdunk/tcperreadpos, skewer, samtools/idxstats, samtools/rmdup, conpair/contamination, picard/markdups, rsem, bbmap/covstats, qorts, bismark/meth_extract, bbmap/idhist, rna_seqc/coverage, bismark/m_bias, bbmap/gchist, verifybamid/selfsm, picard/alignment_metrics, qualimap/rnaseq/coverage, slamdunk/tcperutrpos, sargasso, theta2, homer/LengthDistribution, picard/oxogmetrics, deeptools/plotEnrichment, fastqc/theoretical_gc, picard/insertsize, cutadapt, vcftools/tstv_by_count, peddy/sex_check, slamdunk/summary, deeptools/bamPEFragmentSize, star, methylQA, rseqc/read_gc, flexbar, bbmap/bincov, fastq_screen, preseq, supernova/kmers, samtools/stats, peddy/het_check, bcftools/stats
[2018-07-06 10:32:33,369] multiqc                                            [DEBUG  ]  Ignoring file as matched an ignore pattern: REPORT.html
[2018-07-06 10:32:33,371] multiqc                                            [DEBUG  ]  Ignoring file as matched an ignore pattern: mqc_quast_num_contigs_1.pdf
[2018-07-06 10:32:33,372] multiqc                                            [DEBUG  ]  Ignoring file as matched an ignore pattern: mqc_quast_num_contigs_1_pc.pdf
[2018-07-06 10:32:33,395] multiqc.modules.ab_read_quality.ab_read_quality    [INFO   ]  found nanostats file
[2018-07-06 10:32:33,500] multiqc.modules.quast.quast                        [INFO   ]  Found 1 reports
[2018-07-06 10:32:34,542] multiqc.modules.jellyfish.jellyfish                [INFO   ]  Found 0 histogram files
[2018-07-06 10:32:34,542] multiqc.modules.jellyfish.jellyfish                [INFO   ]  Found 2 count (dump) files
[2018-07-06 10:32:34,710] multiqc                                            [DEBUG  ]  No samples found: mummerplot
[2018-07-06 10:32:34,712] multiqc.modules.ab_cpu_times.ab_cpu_times          [INFO   ]  found CPU resource files
[2018-07-06 10:32:34,716] multiqc                                            [INFO   ]  Compressing plot data
[2018-07-06 10:32:34,760] multiqc                                            [WARNING]  Deleting    : multiqc_report/REPORT.html   (-f was specified)
[2018-07-06 10:32:34,760] multiqc                                            [WARNING]  Deleting    : multiqc_report/REPORT_data   (-f was specified)
[2018-07-06 10:32:34,760] multiqc                                            [INFO   ]  Report      : multiqc_report/REPORT.html
[2018-07-06 10:32:34,760] multiqc                                            [INFO   ]  Data        : multiqc_report/REPORT_data
[2018-07-06 10:32:34,761] multiqc                                            [DEBUG  ]  Moving data file from '/tmp/tmpt3zzk1k8/multiqc_data/multiqc_quast.yaml' to './multiqc_report/REPORT_data'
[2018-07-06 10:32:34,761] multiqc                                            [DEBUG  ]  Moving data file from '/tmp/tmpt3zzk1k8/multiqc_data/ab_methods.yaml' to './multiqc_report/REPORT_data'
[2018-07-06 10:32:34,761] multiqc                                            [DEBUG  ]  Moving data file from '/tmp/tmpt3zzk1k8/multiqc_data/multiqc_general_stats.yaml' to './multiqc_report/REPORT_data'
[2018-07-06 10:32:34,761] multiqc                                            [DEBUG  ]  Moving data file from '/tmp/tmpt3zzk1k8/multiqc_data/multiqc_data.json' to './multiqc_report/REPORT_data'
[2018-07-06 10:32:34,762] multiqc                                            [DEBUG  ]  Moving data file from '/tmp/tmpt3zzk1k8/multiqc_data/cpu_usage.yaml' to './multiqc_report/REPORT_data'
[2018-07-06 10:32:34,762] multiqc                                            [DEBUG  ]  Moving data file from '/tmp/tmpt3zzk1k8/multiqc_data/multiqc_readqual_summary.yaml' to './multiqc_report/REPORT_data'
[2018-07-06 10:32:34,762] multiqc                                            [DEBUG  ]  Moving data file from '/tmp/tmpt3zzk1k8/multiqc_data/mqc_quast_num_contigs_1.yaml' to './multiqc_report/REPORT_data'
[2018-07-06 10:32:34,762] multiqc                                            [DEBUG  ]  Moving data file from '/tmp/tmpt3zzk1k8/multiqc_data/multiqc_sources.yaml' to './multiqc_report/REPORT_data'
[2018-07-06 10:32:34,762] multiqc                                            [WARNING]  Deleting    : multiqc_report/multiqc_plots   (-f was specified)
[2018-07-06 10:32:34,763] multiqc                                            [INFO   ]  Plots       : multiqc_report/multiqc_plots
[2018-07-06 10:32:34,763] multiqc                                            [DEBUG  ]  Moving plots directory from '/tmp/tmpt3zzk1k8/multiqc_plots/png' to './multiqc_report/multiqc_plots'
[2018-07-06 10:32:34,763] multiqc                                            [DEBUG  ]  Moving plots directory from '/tmp/tmpt3zzk1k8/multiqc_plots/svg' to './multiqc_report/multiqc_plots'
[2018-07-06 10:32:34,764] multiqc                                            [DEBUG  ]  Moving plots directory from '/tmp/tmpt3zzk1k8/multiqc_plots/pdf' to './multiqc_report/multiqc_plots'
[2018-07-06 10:32:34,834] multiqc                                            [INFO   ]  MultiQC complete
