[2018-03-22_12:02:47]: PUSH TO GITHUB REPOSITORY
[master b46d270] Automatic benchmark results commit
 5 files changed, 108 insertions(+), 423 deletions(-)
 rewrite std_logs/git.log (98%)
Already up-to-date.
Branch master set up to track remote branch master from origin.
[2018-03-22_12:02:53]: PULL REQUEST TO SHARED BENCHMARK
[master 5d59c52] Commit assembler benchmark results
 58 files changed, 16191 insertions(+)
 create mode 100644 E_coli_120253904367855/README.md
 create mode 100644 E_coli_120253904367855/REPORT.html
 create mode 100644 E_coli_120253904367855/analysis_tool_versions.yaml
 create mode 100644 E_coli_120253904367855/assembler_logfiles/log_files/minimap2_miniasm.log
 create mode 100644 E_coli_120253904367855/assembler_logfiles/log_files/minimap_miniasm.log
 create mode 100644 E_coli_120253904367855/assembler_logfiles/minimap2_miniasm.log
 create mode 100644 E_coli_120253904367855/assembler_logfiles/minimap_miniasm.log
 create mode 100644 E_coli_120253904367855/assembler_scripts/minimap2_miniasm.sh
 create mode 100644 E_coli_120253904367855/assembler_scripts/minimap_miniasm.sh
 create mode 100644 E_coli_120253904367855/efficiency/CPU_times.yaml
 create mode 100644 E_coli_120253904367855/extended_parameters.config
 create mode 100644 E_coli_120253904367855/kmer_abundance/count_files/ecoli_k12_mg1655.count
 create mode 100644 E_coli_120253904367855/kmer_abundance/count_files/minimap2_miniasm.count
 create mode 100644 E_coli_120253904367855/kmer_abundance/count_files/minimap_miniasm.count
 create mode 100644 E_coli_120253904367855/kmer_abundance/jf_files/ecoli_k12_mg1655.jf
 create mode 100644 E_coli_120253904367855/kmer_abundance/jf_files/minimap2_miniasm.jf
 create mode 100644 E_coli_120253904367855/kmer_abundance/jf_files/minimap_miniasm.jf
 create mode 100644 E_coli_120253904367855/publication_info.txt
 create mode 100644 E_coli_120253904367855/quast/nucmer_output/minimap2_miniasm.all_snps.gz
 create mode 100644 E_coli_120253904367855/quast/nucmer_output/minimap2_miniasm.coords
 create mode 100644 E_coli_120253904367855/quast/nucmer_output/minimap2_miniasm.coords.filtered
 create mode 100644 E_coli_120253904367855/quast/nucmer_output/minimap2_miniasm.filter
 create mode 100644 E_coli_120253904367855/quast/nucmer_output/minimap2_miniasm.fplot
 create mode 100644 E_coli_120253904367855/quast/nucmer_output/minimap2_miniasm.gp
 create mode 100644 E_coli_120253904367855/quast/nucmer_output/minimap2_miniasm.html
 create mode 100644 E_coli_120253904367855/quast/nucmer_output/minimap2_miniasm.rplot
 create mode 100644 E_coli_120253904367855/quast/nucmer_output/minimap2_miniasm.sf
 create mode 100644 E_coli_120253904367855/quast/nucmer_output/minimap2_miniasm.unaligned
 create mode 100644 E_coli_120253904367855/quast/nucmer_output/minimap2_miniasm.used_snps.gz
 create mode 100644 E_coli_120253904367855/quast/nucmer_output/minimap_miniasm.all_snps.gz
 create mode 100644 E_coli_120253904367855/quast/nucmer_output/minimap_miniasm.coords
 create mode 100644 E_coli_120253904367855/quast/nucmer_output/minimap_miniasm.coords.filtered
 create mode 100644 E_coli_120253904367855/quast/nucmer_output/minimap_miniasm.filter
 create mode 100644 E_coli_120253904367855/quast/nucmer_output/minimap_miniasm.fplot
 create mode 100644 E_coli_120253904367855/quast/nucmer_output/minimap_miniasm.gp
 create mode 100644 E_coli_120253904367855/quast/nucmer_output/minimap_miniasm.html
 create mode 100644 E_coli_120253904367855/quast/nucmer_output/minimap_miniasm.rplot
 create mode 100644 E_coli_120253904367855/quast/nucmer_output/minimap_miniasm.sf
 create mode 100644 E_coli_120253904367855/quast/nucmer_output/minimap_miniasm.unaligned
 create mode 100644 E_coli_120253904367855/quast/nucmer_output/minimap_miniasm.used_snps.gz
 create mode 100644 E_coli_120253904367855/quast/report.tsv
 create mode 100644 E_coli_120253904367855/readset_analysis/HistogramReadlength.png
 create mode 100644 E_coli_120253904367855/readset_analysis/LengthvsQualityScatterPlot_dot.png
 create mode 100644 E_coli_120253904367855/readset_analysis/LengthvsQualityScatterPlot_kde.png
 create mode 100644 E_coli_120253904367855/readset_analysis/LogTransformed_HistogramReadlength.png
 create mode 100644 E_coli_120253904367855/readset_analysis/NanoPlot-report.html
 create mode 100644 E_coli_120253904367855/readset_analysis/NanoPlot_20180321_1117.log
 create mode 100644 E_coli_120253904367855/readset_analysis/NanoPlot_20180321_1415.log
 create mode 100644 E_coli_120253904367855/readset_analysis/NanoStats.txt
 create mode 100644 E_coli_120253904367855/readset_analysis/Weighted_HistogramReadlength.png
 create mode 100644 E_coli_120253904367855/readset_analysis/Weighted_LogTransformed_HistogramReadlength.png
 create mode 100644 E_coli_120253904367855/readset_analysis/alignment_stats.yaml
 create mode 100644 E_coli_120253904367855/readset_analysis/all_reads_alignment.paf
 create mode 100644 E_coli_120253904367855/std_logs/.nfs0000000006413aab003fb648
 create mode 100644 E_coli_120253904367855/std_logs/.nfs0000000006414f41003fb64b
 create mode 100644 E_coli_120253904367855/std_logs/git.log
 create mode 100644 E_coli_120253904367855/std_logs/multiqc.log
 create mode 100644 E_coli_120253904367855/std_logs/quast.log
To git@github.com:lanno001/assembler_benchmark_new_submissions
   1adca00..5d59c52  master -> master
{
  "message": "Validation Failed",
  "errors": [
    {
      "resource": "PullRequest",
      "code": "custom",
      "message": "A pull request already exists for lanno001:master."
    }
  ],
  "documentation_url": "https://developer.github.com/v3/pulls/#create-a-pull-request"
}
