/home/lanno001/assemblerBenchmark/lib/quast-4.6.3/quast.py --threads 16 -o /mnt/nexenta/lanno001/nobackup/int_ab_20180321/analyses/quast -R refgenomes/ecoli_k12_mg1655.fasta -G nexenta/nobackup/gene_annotations/Escherichia_coli/ecoli_k12_mg1655.gff --min-identity 90.0 --no-html --no-icarus --no-gc --no-sv --silent /mnt/nexenta/lanno001/nobackup/int_ab_20180321/assembler_results/all_assemblies/minimap2_miniasm.fasta /mnt/nexenta/lanno001/nobackup/int_ab_20180321/assembler_results/all_assemblies/minimap_miniasm.fasta


System information:
  OS: Linux-4.4.0-109-generic-x86_64-with-Ubuntu-16.04-xenial (linux_64)
  Python version: 3.5.2
  CPUs number: 48

Started: 2018-03-21 14:16:13

Logging to /mnt/nexenta/lanno001/nobackup/int_ab_20180321/analyses/quast/quast.log
NOTICE: Output directory already exists. Existing Nucmer alignments can be used

CWD: /home/lanno001
Main parameters: 
  Threads: 16, minimum contig length: 500, ambiguity: one, threshold for extensive misassembly size: 1000

Reference:
  refgenomes/ecoli_k12_mg1655.fasta ==> ecoli_k12_mg1655

Contigs:
  Pre-processing...
  1  /mnt/nexenta/lanno001/nobackup/int_ab_20180321/assembler_results/all_assemblies/minimap2_miniasm.fasta ==> minimap2_miniasm
  2  /mnt/nexenta/lanno001/nobackup/int_ab_20180321/assembler_results/all_assemblies/minimap_miniasm.fasta ==> minimap_miniasm

2018-03-21 14:16:15
Running Basic statistics processor...
Done.

2018-03-21 14:16:16
Running Contig analyzer...
Done.

2018-03-21 14:16:17
Running NA-NGA calculation...
Done.

2018-03-21 14:16:18
Running Genome analyzer...
  NOTICE: No file with operons provided. Use the -O option if you want to specify it.
Done.

NOTICE: Genes are not predicted by default. Use --gene-finding option to enable it.

2018-03-21 14:16:21
Creating large visual summaries...
This may take a while: press Ctrl-C to skip this step..
  1 of 1: Creating PDF with all tables and plots...
Done

2018-03-21 14:16:22
RESULTS:
  Text versions of total report are saved to /mnt/nexenta/lanno001/nobackup/int_ab_20180321/analyses/quast/report.txt, report.tsv, and report.tex
  Text versions of transposed total report are saved to /mnt/nexenta/lanno001/nobackup/int_ab_20180321/analyses/quast/transposed_report.txt, transposed_report.tsv, and transposed_report.tex
  PDF version (tables and plots) is saved to /mnt/nexenta/lanno001/nobackup/int_ab_20180321/analyses/quast/report.pdf
  Log saved to /mnt/nexenta/lanno001/nobackup/int_ab_20180321/analyses/quast/quast.log

Finished: 2018-03-21 14:16:22
Elapsed time: 0:00:09.225772
NOTICEs: 3; WARNINGs: 0; non-fatal ERRORs: 0

Thank you for using QUAST!
