[2018-03-23 02:17:33,858] multiqc                                            [DEBUG  ]  No MultiQC config found: /home/lanno001/bin/nobackup/MultiQC/multiqc_config.yaml
[2018-03-23 02:17:33,859] multiqc                                            [DEBUG  ]  No MultiQC config found: /home/lanno001/.multiqc_config.yaml
[2018-03-23 02:17:33,859] multiqc                                            [DEBUG  ]  No MultiQC config found: multiqc_config.yaml
[2018-03-23 02:17:33,859] multiqc                                            [DEBUG  ]  Command used: /home/lanno001/.local/bin/multiqc -i Assembler Benchmark report --filename README -o /mnt/nexenta/lanno001/nobackup/int_ab_20180321/summarized_results -f --tag assembler_benchmark --template assembler_benchmark_markdown /mnt/nexenta/lanno001/nobackup/int_ab_20180321/summarized_results
[2018-03-23 02:17:33,902] multiqc                                            [DEBUG  ]  Latest MultiQC version is v1.5
[2018-03-23 02:17:33,902] multiqc                                            [INFO   ]  This is MultiQC v1.5.dev0 (addad5e)
[2018-03-23 02:17:33,903] multiqc                                            [DEBUG  ]  Command     : /home/lanno001/.local/bin/multiqc -i Assembler Benchmark report --filename README -o /mnt/nexenta/lanno001/nobackup/int_ab_20180321/summarized_results -f --tag assembler_benchmark --template assembler_benchmark_markdown /mnt/nexenta/lanno001/nobackup/int_ab_20180321/summarized_results
[2018-03-23 02:17:33,903] multiqc                                            [DEBUG  ]  Working dir : /mnt/nexenta/lanno001/nobackup/int_ab_20180321
[2018-03-23 02:17:33,903] multiqc                                            [INFO   ]  Template    : assembler_benchmark_markdown
[2018-03-23 02:17:33,903] multiqc                                            [INFO   ]  Report title: Assembler Benchmark report
[2018-03-23 02:17:33,904] multiqc                                            [INFO   ]  Searching '/mnt/nexenta/lanno001/nobackup/int_ab_20180321/summarized_results'
[2018-03-23 02:17:33,905] multiqc                                            [INFO   ]  Only using modules with 'assembler_benchmark' tag
[2018-03-23 02:17:33,905] multiqc                                            [DEBUG  ]  Analysing modules: ab_methods_section, ab_read_quality, quast, jellyfish, mummerplot, ab_cpu_times
[2018-03-23 02:17:33,905] multiqc                                            [DEBUG  ]  Using temporary directory for creating report: /tmp/tmptctyq1f5
[2018-03-23 02:17:33,914] multiqc                                            [DEBUG  ]  Ignored search patterns as didn't match running modules: theta2, clusterflow/logs, rsem, homer/GCcontent, homer/FreqDistribution, adapterRemoval, gatk/base_recalibrator, skewer, goleft_indexcov/ped, bbmap/lhist, rna_seqc/correlation, supernova/molecules, rseqc/bam_stat, rseqc/read_gc, star/genecounts, samblaster, rna_seqc/metrics, hicup, picard/alignment_metrics, homer/tagInfo, picard/oxogmetrics, deeptools/plotCoverageOutRawCounts, bbmap/qahist, slamdunk/rates, rseqc/read_distribution, methylQA, vcftools/relatedness2, vcftools/tstv_by_qual, afterqc, leehom, homer/LengthDistribution, fastqc/zip, star, slamdunk/tcperreadpos, bamtools/stats, samtools/idxstats, rseqc/inner_distance, samtools/rmdup, bbmap/gchist, conpair/concordance, picard/markdups, bismark/dedup, picard/hsmetrics, custom_content, sortmerna, peddy/ped_check, fastq_screen, bbmap/bqhist, goleft_indexcov/roc, hicexplorer, prokka, picard/rrbs_metrics, qualimap/bamqc/gc_dist, salmon/meta, busco, bbmap/bhist, conpair/contamination, slamdunk/utrrates, deeptools/bamPEFragmentSize, bbmap/ehist, preseq, preseq/real_counts, clusterflow/runfiles, supernova/summary, macs2, supernova/report, gatk/varianteval, rseqc/junction_saturation, bbmap/covstats, qualimap/bamqc/genome_results, bbmap/bincov, bismark/m_bias, deeptools/plotFingerprintOutRawCounts, deeptools/plotCoverageStdout, disambiguate, qualimap/rnaseq/coverage, bbmap/mhist, picard/basedistributionbycycle, homer/findpeaks, sargasso, rseqc/read_duplication_pos, samtools/stats, cutadapt, interop/index-summary, bbmap/statsfile, featurecounts, bismark/align, bbmap/rpkm, peddy/summary_table, minimap2, bbmap/statsfile_machine, supernova/kmers, rseqc/junction_annotation, bbmap/qhist, bowtie2, homer/genomeGCcontent, hisat2, bismark/bam2nuc, trimmomatic, slamdunk/summary, deeptools/estimateReadFiltering, vcftools/tstv_summary, homer/RestrictionDistribution, qorts, picard/wgs_metrics, bcftools/stats, samtools/flagstat, deeptools/plotFingerprintOutQualityMetrics, bbmap/ihist, bismark/meth_extract, rna_seqc/coverage, peddy/sex_check, bcl2fastq, deeptools/plotEnrichment, fastqc/data, fastqc/theoretical_gc, tophat, interop/summary, rseqc/gene_body_coverage, qualimap/rnaseq/rnaseq_results, biobloomtools, kallisto, rseqc/infer_experiment, qualimap/bamqc/genome_fraction, picard/pcr_metrics, bowtie1, bbmap/idhist, slamdunk/PCA, snpeff, peddy/het_check, qualimap/bamqc/insert_size, vcftools/tstv_by_count, htseq, bbmap/covhist, verifybamid/selfsm, salmon/fld, qualimap/bamqc/coverage, picard/gcbias, bbmap/aqhist, picard/insertsize, slamdunk/tcperutrpos, bbmap/indelhist, flexbar, picard/rnaseqmetrics
[2018-03-23 02:17:33,932] multiqc                                            [DEBUG  ]  Ignoring file as matched an ignore pattern: REPORT.html
[2018-03-23 02:17:33,936] multiqc                                            [DEBUG  ]  Ignoring file as matched an ignore pattern: REPORT.html
[2018-03-23 02:17:33,936] multiqc                                            [DEBUG  ]  Ignoring file as matched an ignore pattern: NanoPlot-report.html
[2018-03-23 02:17:33,938] multiqc                                            [DEBUG  ]  Ignoring file as matched an ignore pattern: minimap_miniasm.html
[2018-03-23 02:17:33,942] multiqc                                            [DEBUG  ]  Ignoring file as matched an ignore pattern: minimap2_miniasm.html
[2018-03-23 02:17:33,990] multiqc.modules.ab_read_quality.ab_read_quality    [INFO   ]  found Minimap2 alignment summary
[2018-03-23 02:17:33,992] multiqc.modules.ab_read_quality.ab_read_quality    [INFO   ]  found nanostats file
[2018-03-23 02:17:34,204] multiqc.modules.quast.quast                        [INFO   ]  Found 2 reports
[2018-03-23 02:17:35,007] multiqc.modules.jellyfish.jellyfish                [INFO   ]  Found 0 histogram files
[2018-03-23 02:17:35,008] multiqc.modules.jellyfish.jellyfish                [INFO   ]  Found 3 count (dump) files
[2018-03-23 02:17:35,029] multiqc.modules.mummerplot.mummerplot              [INFO   ]  found mummerplot images
[2018-03-23 02:17:35,036] multiqc.modules.ab_cpu_times.ab_cpu_times          [INFO   ]  found 2 CPU time entries
[2018-03-23 02:17:35,039] multiqc                                            [INFO   ]  Compressing plot data
[2018-03-23 02:17:35,282] multiqc                                            [INFO   ]  Report      : summarized_results/README.html
[2018-03-23 02:17:35,282] multiqc                                            [INFO   ]  Data        : summarized_results/README_data
[2018-03-23 02:17:35,283] multiqc                                            [DEBUG  ]  Moving data file from '/tmp/tmptctyq1f5/multiqc_data/multiqc_quast.txt' to '/mnt/nexenta/lanno001/nobackup/int_ab_20180321/summarized_results/README_data'
[2018-03-23 02:17:35,286] multiqc                                            [DEBUG  ]  Moving data file from '/tmp/tmptctyq1f5/multiqc_data/multiqc_readqual_summary.txt' to '/mnt/nexenta/lanno001/nobackup/int_ab_20180321/summarized_results/README_data'
[2018-03-23 02:17:35,288] multiqc                                            [DEBUG  ]  Moving data file from '/tmp/tmptctyq1f5/multiqc_data/multiqc_data.json' to '/mnt/nexenta/lanno001/nobackup/int_ab_20180321/summarized_results/README_data'
[2018-03-23 02:17:35,296] multiqc                                            [DEBUG  ]  Moving data file from '/tmp/tmptctyq1f5/multiqc_data/multiqc_general_stats.txt' to '/mnt/nexenta/lanno001/nobackup/int_ab_20180321/summarized_results/README_data'
[2018-03-23 02:17:35,299] multiqc                                            [DEBUG  ]  Moving data file from '/tmp/tmptctyq1f5/multiqc_data/multiqc_sources.txt' to '/mnt/nexenta/lanno001/nobackup/int_ab_20180321/summarized_results/README_data'
[2018-03-23 02:17:35,301] multiqc                                            [DEBUG  ]  Moving data file from '/tmp/tmptctyq1f5/multiqc_data/mqc_quast_num_contigs_1.txt' to '/mnt/nexenta/lanno001/nobackup/int_ab_20180321/summarized_results/README_data'
[2018-03-23 02:17:35,393] multiqc                                            [INFO   ]  MultiQC complete
